<?xml version="1.0" encoding="UTF-8"?>
<!-- Generated by org.testng.reporters.JUnitXMLReporter -->
<testsuite hostname="DELL-AKSHAYPC" ignored="0" name="LoginTest" tests="3" failures="0" timestamp="2022-04-01T11:37:49 IST" time="5.808" errors="0">
  <testcase name="loginByEmail" time="0.021" classname="com.Shub.testNGListeners.LoginTest"/>
  <testcase name="loginByFacebook" time="0.002" classname="com.Shub.testNGListeners.LoginTest"/>
  <testcase name="setup" time="0.001" classname="com.Shub.testNGListeners.LoginTest"/>
</testsuite> <!-- LoginTest -->
