<?xml version="1.0" encoding="UTF-8"?>
<!-- Generated by org.testng.reporters.JUnitXMLReporter -->
<testsuite hostname="DELL-AKSHAYPC" ignored="0" name="Test" tests="4" failures="0" timestamp="2022-06-15T22:16:27 IST" time="0.206" errors="0">
  <testcase name="A" time="0.008" classname="com.Shub.Ex1"/>
  <testcase name="B" time="0.001" classname="com.Shub.Ex1"/>
  <testcase name="D" time="0.006" classname="com.Shub.Ex1"/>
  <testcase name="C" time="0.011" classname="com.Shub.Ex1"/>
</testsuite> <!-- Test -->
