<?xml version="1.0" encoding="UTF-8"?>
<!-- Generated by org.testng.reporters.JUnitXMLReporter -->
<testsuite hostname="DELL-AKSHAYPC" ignored="0" name="log4j Test" tests="3" failures="0" timestamp="2022-04-16T09:27:52 IST" time="0.376" errors="0">
  <testcase name="setUp" time="0.22" classname="log4jpackage.Log4jExample"/>
  <testcase name="login" time="0.015" classname="log4jpackage.Log4jExample"/>
  <testcase name="logout" time="0.009" classname="log4jpackage.Log4jExample"/>
</testsuite> <!-- log4j Test -->
