<?xml version="1.0" encoding="UTF-8"?>
<!-- Generated by org.testng.reporters.JUnitXMLReporter -->
<testsuite hostname="DELL-AKSHAYPC" ignored="0" name="Test" tests="3" failures="0" timestamp="2022-06-12T11:30:33 IST" time="0.089" errors="0">
  <testcase name="loginByEmail" time="0.027" classname="com.Shub.testNGListeners.LoginTest"/>
  <testcase name="loginByFacebook" time="0.002" classname="com.Shub.testNGListeners.LoginTest"/>
  <testcase name="setup" time="0.002" classname="com.Shub.testNGListeners.LoginTest"/>
</testsuite> <!-- Test -->
